

Started GET "/" for ::1 at 2015-01-24 12:32:36 -0600

Gem::LoadError (Specified 'mysql2' for database adapter, but the gem is not loaded. Add `gem 'mysql2'` to your Gemfile (and ensure its version is at the minimum required by ActiveRecord).):
  activerecord (4.2.0) lib/active_record/connection_adapters/connection_specification.rb:177:in `rescue in spec'
  activerecord (4.2.0) lib/active_record/connection_adapters/connection_specification.rb:174:in `spec'
  activerecord (4.2.0) lib/active_record/connection_handling.rb:50:in `establish_connection'
  activerecord (4.2.0) lib/active_record/railtie.rb:120:in `block (2 levels) in <class:Railtie>'
  activesupport (4.2.0) lib/active_support/lazy_load_hooks.rb:38:in `instance_eval'
  activesupport (4.2.0) lib/active_support/lazy_load_hooks.rb:38:in `execute_hook'
  activesupport (4.2.0) lib/active_support/lazy_load_hooks.rb:45:in `block in run_load_hooks'
  activesupport (4.2.0) lib/active_support/lazy_load_hooks.rb:44:in `each'
  activesupport (4.2.0) lib/active_support/lazy_load_hooks.rb:44:in `run_load_hooks'
  activerecord (4.2.0) lib/active_record/base.rb:316:in `<module:ActiveRecord>'
  activerecord (4.2.0) lib/active_record/base.rb:26:in `<top (required)>'
  activerecord (4.2.0) lib/active_record/migration.rb:384:in `connection'
  activerecord (4.2.0) lib/active_record/migration.rb:371:in `call'
  actionpack (4.2.0) lib/action_dispatch/middleware/callbacks.rb:29:in `block in call'
  activesupport (4.2.0) lib/active_support/callbacks.rb:88:in `call'
  activesupport (4.2.0) lib/active_support/callbacks.rb:88:in `_run_callbacks'
  activesupport (4.2.0) lib/active_support/callbacks.rb:734:in `_run_call_callbacks'
  activesupport (4.2.0) lib/active_support/callbacks.rb:81:in `run_callbacks'
  actionpack (4.2.0) lib/action_dispatch/middleware/callbacks.rb:27:in `call'
  actionpack (4.2.0) lib/action_dispatch/middleware/reloader.rb:73:in `call'
  actionpack (4.2.0) lib/action_dispatch/middleware/remote_ip.rb:78:in `call'
  web-console (2.0.0) lib/action_dispatch/debug_exceptions.rb:18:in `middleware_call'
  web-console (2.0.0) lib/action_dispatch/debug_exceptions.rb:13:in `call'
  actionpack (4.2.0) lib/action_dispatch/middleware/show_exceptions.rb:30:in `call'
  railties (4.2.0) lib/rails/rack/logger.rb:38:in `call_app'
  railties (4.2.0) lib/rails/rack/logger.rb:20:in `block in call'
  activesupport (4.2.0) lib/active_support/tagged_logging.rb:68:in `block in tagged'
  activesupport (4.2.0) lib/active_support/tagged_logging.rb:26:in `tagged'
  activesupport (4.2.0) lib/active_support/tagged_logging.rb:68:in `tagged'
  railties (4.2.0) lib/rails/rack/logger.rb:20:in `call'
  actionpack (4.2.0) lib/action_dispatch/middleware/request_id.rb:21:in `call'
  rack (1.6.0) lib/rack/methodoverride.rb:22:in `call'
  rack (1.6.0) lib/rack/runtime.rb:18:in `call'
  activesupport (4.2.0) lib/active_support/cache/strategy/local_cache_middleware.rb:28:in `call'
  rack (1.6.0) lib/rack/lock.rb:17:in `call'
  actionpack (4.2.0) lib/action_dispatch/middleware/static.rb:113:in `call'
  rack (1.6.0) lib/rack/sendfile.rb:113:in `call'
  railties (4.2.0) lib/rails/engine.rb:518:in `call'
  railties (4.2.0) lib/rails/application.rb:164:in `call'
  rack (1.6.0) lib/rack/lock.rb:17:in `call'
  rack (1.6.0) lib/rack/content_length.rb:15:in `call'
  rack (1.6.0) lib/rack/handler/webrick.rb:89:in `service'
  /Users/NewLifeTravel/.rbenv/versions/2.1.5/lib/ruby/2.1.0/webrick/httpserver.rb:138:in `service'
  /Users/NewLifeTravel/.rbenv/versions/2.1.5/lib/ruby/2.1.0/webrick/httpserver.rb:94:in `run'
  /Users/NewLifeTravel/.rbenv/versions/2.1.5/lib/ruby/2.1.0/webrick/server.rb:295:in `block in start_thread'


  Rendered /Users/NewLifeTravel/.rbenv/versions/2.1.5/lib/ruby/gems/2.1.0/gems/web-console-2.0.0/lib/action_dispatch/templates/rescues/_source.erb (4.9ms)
  Rendered /Users/NewLifeTravel/.rbenv/versions/2.1.5/lib/ruby/gems/2.1.0/gems/web-console-2.0.0/lib/action_dispatch/templates/rescues/_trace.html.erb (2.3ms)
  Rendered /Users/NewLifeTravel/.rbenv/versions/2.1.5/lib/ruby/gems/2.1.0/gems/web-console-2.0.0/lib/action_dispatch/templates/rescues/_request_and_response.html.erb (1.3ms)
  Rendered /Users/NewLifeTravel/.rbenv/versions/2.1.5/lib/ruby/gems/2.1.0/gems/web-console-2.0.0/lib/action_dispatch/templates/rescues/_web_console.html.erb (1.2ms)
  Rendered /Users/NewLifeTravel/.rbenv/versions/2.1.5/lib/ruby/gems/2.1.0/gems/web-console-2.0.0/lib/action_dispatch/templates/rescues/diagnostics.html.erb within rescues/layout (41.0ms)


Started GET "/" for ::1 at 2015-01-24 12:32:59 -0600

Gem::LoadError (Specified 'mysql2' for database adapter, but the gem is not loaded. Add `gem 'mysql2'` to your Gemfile (and ensure its version is at the minimum required by ActiveRecord).):
  activerecord (4.2.0) lib/active_record/connection_adapters/connection_specification.rb:177:in `rescue in spec'
  activerecord (4.2.0) lib/active_record/connection_adapters/connection_specification.rb:174:in `spec'
  activerecord (4.2.0) lib/active_record/connection_handling.rb:50:in `establish_connection'
  activerecord (4.2.0) lib/active_record/railtie.rb:120:in `block (2 levels) in <class:Railtie>'
  activesupport (4.2.0) lib/active_support/lazy_load_hooks.rb:38:in `instance_eval'
  activesupport (4.2.0) lib/active_support/lazy_load_hooks.rb:38:in `execute_hook'
  activesupport (4.2.0) lib/active_support/lazy_load_hooks.rb:45:in `block in run_load_hooks'
  activesupport (4.2.0) lib/active_support/lazy_load_hooks.rb:44:in `each'
  activesupport (4.2.0) lib/active_support/lazy_load_hooks.rb:44:in `run_load_hooks'
  activerecord (4.2.0) lib/active_record/base.rb:316:in `<module:ActiveRecord>'
  activerecord (4.2.0) lib/active_record/base.rb:26:in `<top (required)>'
  activerecord (4.2.0) lib/active_record/migration.rb:384:in `connection'
  activerecord (4.2.0) lib/active_record/migration.rb:371:in `call'
  actionpack (4.2.0) lib/action_dispatch/middleware/callbacks.rb:29:in `block in call'
  activesupport (4.2.0) lib/active_support/callbacks.rb:88:in `call'
  activesupport (4.2.0) lib/active_support/callbacks.rb:88:in `_run_callbacks'
  activesupport (4.2.0) lib/active_support/callbacks.rb:734:in `_run_call_callbacks'
  activesupport (4.2.0) lib/active_support/callbacks.rb:81:in `run_callbacks'
  actionpack (4.2.0) lib/action_dispatch/middleware/callbacks.rb:27:in `call'
  actionpack (4.2.0) lib/action_dispatch/middleware/reloader.rb:73:in `call'
  actionpack (4.2.0) lib/action_dispatch/middleware/remote_ip.rb:78:in `call'
  web-console (2.0.0) lib/action_dispatch/debug_exceptions.rb:18:in `middleware_call'
  web-console (2.0.0) lib/action_dispatch/debug_exceptions.rb:13:in `call'
  actionpack (4.2.0) lib/action_dispatch/middleware/show_exceptions.rb:30:in `call'
  railties (4.2.0) lib/rails/rack/logger.rb:38:in `call_app'
  railties (4.2.0) lib/rails/rack/logger.rb:20:in `block in call'
  activesupport (4.2.0) lib/active_support/tagged_logging.rb:68:in `block in tagged'
  activesupport (4.2.0) lib/active_support/tagged_logging.rb:26:in `tagged'
  activesupport (4.2.0) lib/active_support/tagged_logging.rb:68:in `tagged'
  railties (4.2.0) lib/rails/rack/logger.rb:20:in `call'
  actionpack (4.2.0) lib/action_dispatch/middleware/request_id.rb:21:in `call'
  rack (1.6.0) lib/rack/methodoverride.rb:22:in `call'
  rack (1.6.0) lib/rack/runtime.rb:18:in `call'
  activesupport (4.2.0) lib/active_support/cache/strategy/local_cache_middleware.rb:28:in `call'
  rack (1.6.0) lib/rack/lock.rb:17:in `call'
  actionpack (4.2.0) lib/action_dispatch/middleware/static.rb:113:in `call'
  rack (1.6.0) lib/rack/sendfile.rb:113:in `call'
  railties (4.2.0) lib/rails/engine.rb:518:in `call'
  railties (4.2.0) lib/rails/application.rb:164:in `call'
  rack (1.6.0) lib/rack/lock.rb:17:in `call'
  rack (1.6.0) lib/rack/content_length.rb:15:in `call'
  rack (1.6.0) lib/rack/handler/webrick.rb:89:in `service'
  /Users/NewLifeTravel/.rbenv/versions/2.1.5/lib/ruby/2.1.0/webrick/httpserver.rb:138:in `service'
  /Users/NewLifeTravel/.rbenv/versions/2.1.5/lib/ruby/2.1.0/webrick/httpserver.rb:94:in `run'
  /Users/NewLifeTravel/.rbenv/versions/2.1.5/lib/ruby/2.1.0/webrick/server.rb:295:in `block in start_thread'


  Rendered /Users/NewLifeTravel/.rbenv/versions/2.1.5/lib/ruby/gems/2.1.0/gems/web-console-2.0.0/lib/action_dispatch/templates/rescues/_source.erb (3.0ms)
  Rendered /Users/NewLifeTravel/.rbenv/versions/2.1.5/lib/ruby/gems/2.1.0/gems/web-console-2.0.0/lib/action_dispatch/templates/rescues/_trace.html.erb (1.5ms)
  Rendered /Users/NewLifeTravel/.rbenv/versions/2.1.5/lib/ruby/gems/2.1.0/gems/web-console-2.0.0/lib/action_dispatch/templates/rescues/_request_and_response.html.erb (0.8ms)
  Rendered /Users/NewLifeTravel/.rbenv/versions/2.1.5/lib/ruby/gems/2.1.0/gems/web-console-2.0.0/lib/action_dispatch/templates/rescues/_web_console.html.erb (0.9ms)
  Rendered /Users/NewLifeTravel/.rbenv/versions/2.1.5/lib/ruby/gems/2.1.0/gems/web-console-2.0.0/lib/action_dispatch/templates/rescues/diagnostics.html.erb within rescues/layout (21.0ms)


Started GET "/" for ::1 at 2015-01-24 12:36:27 -0600

Gem::LoadError (Specified 'mysql2' for database adapter, but the gem is not loaded. Add `gem 'mysql2'` to your Gemfile (and ensure its version is at the minimum required by ActiveRecord).):
  activerecord (4.2.0) lib/active_record/connection_adapters/connection_specification.rb:177:in `rescue in spec'
  activerecord (4.2.0) lib/active_record/connection_adapters/connection_specification.rb:174:in `spec'
  activerecord (4.2.0) lib/active_record/connection_handling.rb:50:in `establish_connection'
  activerecord (4.2.0) lib/active_record/railtie.rb:120:in `block (2 levels) in <class:Railtie>'
  activesupport (4.2.0) lib/active_support/lazy_load_hooks.rb:38:in `instance_eval'
  activesupport (4.2.0) lib/active_support/lazy_load_hooks.rb:38:in `execute_hook'
  activesupport (4.2.0) lib/active_support/lazy_load_hooks.rb:45:in `block in run_load_hooks'
  activesupport (4.2.0) lib/active_support/lazy_load_hooks.rb:44:in `each'
  activesupport (4.2.0) lib/active_support/lazy_load_hooks.rb:44:in `run_load_hooks'
  activerecord (4.2.0) lib/active_record/base.rb:316:in `<module:ActiveRecord>'
  activerecord (4.2.0) lib/active_record/base.rb:26:in `<top (required)>'
  activerecord (4.2.0) lib/active_record/migration.rb:384:in `connection'
  activerecord (4.2.0) lib/active_record/migration.rb:371:in `call'
  actionpack (4.2.0) lib/action_dispatch/middleware/callbacks.rb:29:in `block in call'
  activesupport (4.2.0) lib/active_support/callbacks.rb:88:in `call'
  activesupport (4.2.0) lib/active_support/callbacks.rb:88:in `_run_callbacks'
  activesupport (4.2.0) lib/active_support/callbacks.rb:734:in `_run_call_callbacks'
  activesupport (4.2.0) lib/active_support/callbacks.rb:81:in `run_callbacks'
  actionpack (4.2.0) lib/action_dispatch/middleware/callbacks.rb:27:in `call'
  actionpack (4.2.0) lib/action_dispatch/middleware/reloader.rb:73:in `call'
  actionpack (4.2.0) lib/action_dispatch/middleware/remote_ip.rb:78:in `call'
  web-console (2.0.0) lib/action_dispatch/debug_exceptions.rb:18:in `middleware_call'
  web-console (2.0.0) lib/action_dispatch/debug_exceptions.rb:13:in `call'
  actionpack (4.2.0) lib/action_dispatch/middleware/show_exceptions.rb:30:in `call'
  railties (4.2.0) lib/rails/rack/logger.rb:38:in `call_app'
  railties (4.2.0) lib/rails/rack/logger.rb:20:in `block in call'
  activesupport (4.2.0) lib/active_support/tagged_logging.rb:68:in `block in tagged'
  activesupport (4.2.0) lib/active_support/tagged_logging.rb:26:in `tagged'
  activesupport (4.2.0) lib/active_support/tagged_logging.rb:68:in `tagged'
  railties (4.2.0) lib/rails/rack/logger.rb:20:in `call'
  actionpack (4.2.0) lib/action_dispatch/middleware/request_id.rb:21:in `call'
  rack (1.6.0) lib/rack/methodoverride.rb:22:in `call'
  rack (1.6.0) lib/rack/runtime.rb:18:in `call'
  activesupport (4.2.0) lib/active_support/cache/strategy/local_cache_middleware.rb:28:in `call'
  rack (1.6.0) lib/rack/lock.rb:17:in `call'
  actionpack (4.2.0) lib/action_dispatch/middleware/static.rb:113:in `call'
  rack (1.6.0) lib/rack/sendfile.rb:113:in `call'
  railties (4.2.0) lib/rails/engine.rb:518:in `call'
  railties (4.2.0) lib/rails/application.rb:164:in `call'
  rack (1.6.0) lib/rack/lock.rb:17:in `call'
  rack (1.6.0) lib/rack/content_length.rb:15:in `call'
  rack (1.6.0) lib/rack/handler/webrick.rb:89:in `service'
  /Users/NewLifeTravel/.rbenv/versions/2.1.5/lib/ruby/2.1.0/webrick/httpserver.rb:138:in `service'
  /Users/NewLifeTravel/.rbenv/versions/2.1.5/lib/ruby/2.1.0/webrick/httpserver.rb:94:in `run'
  /Users/NewLifeTravel/.rbenv/versions/2.1.5/lib/ruby/2.1.0/webrick/server.rb:295:in `block in start_thread'


  Rendered /Users/NewLifeTravel/.rbenv/versions/2.1.5/lib/ruby/gems/2.1.0/gems/web-console-2.0.0/lib/action_dispatch/templates/rescues/_source.erb (4.9ms)
  Rendered /Users/NewLifeTravel/.rbenv/versions/2.1.5/lib/ruby/gems/2.1.0/gems/web-console-2.0.0/lib/action_dispatch/templates/rescues/_trace.html.erb (2.2ms)
  Rendered /Users/NewLifeTravel/.rbenv/versions/2.1.5/lib/ruby/gems/2.1.0/gems/web-console-2.0.0/lib/action_dispatch/templates/rescues/_request_and_response.html.erb (1.7ms)
  Rendered /Users/NewLifeTravel/.rbenv/versions/2.1.5/lib/ruby/gems/2.1.0/gems/web-console-2.0.0/lib/action_dispatch/templates/rescues/_web_console.html.erb (1.6ms)
  Rendered /Users/NewLifeTravel/.rbenv/versions/2.1.5/lib/ruby/gems/2.1.0/gems/web-console-2.0.0/lib/action_dispatch/templates/rescues/diagnostics.html.erb within rescues/layout (35.7ms)


Started GET "/" for ::1 at 2015-01-24 12:45:01 -0600
Processing by Rails::WelcomeController#index as HTML
  Rendered /Users/NewLifeTravel/.rbenv/versions/2.1.5/lib/ruby/gems/2.1.0/gems/railties-4.2.0/lib/rails/templates/rails/welcome/index.html.erb (3.2ms)
Completed 200 OK in 29ms (Views: 16.8ms | ActiveRecord: 0.0ms)


Started GET "/" for ::1 at 2015-01-24 13:39:55 -0600
Processing by WelcomeController#index as HTML
  Rendered welcome/index.html.erb within layouts/application (1.9ms)
Completed 200 OK in 912ms (Views: 899.8ms | ActiveRecord: 0.0ms)


Started GET "/assets/welcome-64e62ddc273c2f5847f30d698ca14b67.css?body=1" for ::1 at 2015-01-24 13:39:56 -0600


Started GET "/assets/jquery_ujs-e27bd20a10d28155845a22d71ef94f2f.js?body=1" for ::1 at 2015-01-24 13:39:56 -0600


Started GET "/assets/application-5266d2988799ecc8fe6e81eaab412e7d.css?body=1" for ::1 at 2015-01-24 13:39:56 -0600


Started GET "/assets/jquery-87424c3c19e96d4fb033c10ebe21ec40.js?body=1" for ::1 at 2015-01-24 13:39:56 -0600


Started GET "/assets/application-e93ffa4c2db8481b68b569045c04c777.js?body=1" for ::1 at 2015-01-24 13:39:56 -0600


Started GET "/assets/welcome-fcec5b5a277ac7c20cc9f45a209a3bcd.js?body=1" for ::1 at 2015-01-24 13:39:56 -0600


Started GET "/assets/turbolinks-686d2bf7d9d383528c901c64187a8c31.js?body=1" for ::1 at 2015-01-24 13:39:56 -0600


Started GET "/" for ::1 at 2015-01-24 13:41:01 -0600
Processing by WelcomeController#index as HTML
  Rendered welcome/index.html.erb within layouts/application (0.7ms)
Completed 200 OK in 56ms (Views: 54.3ms | ActiveRecord: 0.0ms)


Started GET "/" for ::1 at 2015-01-24 13:42:13 -0600
Processing by WelcomeController#index as HTML
  Rendered welcome/index.html.erb within layouts/application (0.3ms)
Completed 200 OK in 49ms (Views: 48.5ms | ActiveRecord: 0.0ms)


Started GET "/" for ::1 at 2015-01-24 13:48:07 -0600
Processing by WelcomeController#index as HTML
  Rendered welcome/index.html.erb within layouts/application (0.4ms)
Completed 200 OK in 51ms (Views: 50.3ms | ActiveRecord: 0.0ms)


Started GET "/" for ::1 at 2015-01-24 13:48:10 -0600
Processing by WelcomeController#index as HTML
  Rendered welcome/index.html.erb within layouts/application (0.0ms)
Completed 200 OK in 41ms (Views: 40.9ms | ActiveRecord: 0.0ms)


Started GET "/" for ::1 at 2015-01-24 13:48:11 -0600
Processing by WelcomeController#index as HTML
  Rendered welcome/index.html.erb within layouts/application (0.0ms)
Completed 200 OK in 42ms (Views: 41.3ms | ActiveRecord: 0.0ms)


Started GET "/" for ::1 at 2015-01-24 13:49:22 -0600
Processing by WelcomeController#index as HTML
  Rendered welcome/index.html.erb within layouts/application (1.9ms)
Completed 200 OK in 150ms (Views: 136.1ms | ActiveRecord: 0.0ms)


Started GET "/" for ::1 at 2015-01-24 13:50:07 -0600
Processing by WelcomeController#index as HTML
  Rendered welcome/index.html.erb within layouts/application (0.4ms)
Completed 200 OK in 96ms (Views: 95.1ms | ActiveRecord: 0.0ms)


Started GET "/" for ::1 at 2015-01-24 13:51:37 -0600
Processing by WelcomeController#index as HTML
  Rendered welcome/index.html.erb within layouts/application (0.4ms)
Completed 200 OK in 51ms (Views: 50.7ms | ActiveRecord: 0.0ms)


Started GET "/" for ::1 at 2015-01-24 13:54:15 -0600
Processing by WelcomeController#index as HTML
  Rendered welcome/index.html.erb within layouts/application (0.2ms)
Completed 200 OK in 52ms (Views: 51.3ms | ActiveRecord: 0.0ms)


Started GET "/" for ::1 at 2015-01-24 14:18:59 -0600
Processing by WelcomeController#index as HTML
  Rendered welcome/index.html.erb within layouts/application (0.2ms)
Completed 200 OK in 69ms (Views: 64.1ms | ActiveRecord: 0.0ms)


Started GET "/" for ::1 at 2015-01-28 21:04:37 -0600
Processing by Rails::WelcomeController#index as HTML
  Rendered /Users/NewLifeTravel/.rbenv/versions/2.1.5/lib/ruby/gems/2.1.0/gems/railties-4.2.0/lib/rails/templates/rails/welcome/index.html.erb (3.2ms)
Completed 200 OK in 34ms (Views: 20.2ms | ActiveRecord: 0.0ms)
